I, [2013-08-12T11:51:42.760253 #24987]  INFO -- : Started GET "/" for 127.0.0.1 at 2013-08-12 11:51:42 -0400
F, [2013-08-12T11:51:43.014688 #24987] FATAL -- : 
ActionController::RoutingError (No route matches [GET] "/"):
  vendor/bundle/gems/actionpack-4.0.0/lib/action_dispatch/middleware/debug_exceptions.rb:21:in `call'
  vendor/bundle/gems/actionpack-4.0.0/lib/action_dispatch/middleware/show_exceptions.rb:30:in `call'
  vendor/bundle/gems/railties-4.0.0/lib/rails/rack/logger.rb:38:in `call_app'
  vendor/bundle/gems/railties-4.0.0/lib/rails/rack/logger.rb:21:in `block in call'
  vendor/bundle/gems/activesupport-4.0.0/lib/active_support/tagged_logging.rb:67:in `block in tagged'
  vendor/bundle/gems/activesupport-4.0.0/lib/active_support/tagged_logging.rb:25:in `tagged'
  vendor/bundle/gems/activesupport-4.0.0/lib/active_support/tagged_logging.rb:67:in `tagged'
  vendor/bundle/gems/railties-4.0.0/lib/rails/rack/logger.rb:21:in `call'
  vendor/bundle/gems/actionpack-4.0.0/lib/action_dispatch/middleware/request_id.rb:21:in `call'
  vendor/bundle/gems/rack-1.5.2/lib/rack/methodoverride.rb:21:in `call'
  vendor/bundle/gems/rack-1.5.2/lib/rack/runtime.rb:17:in `call'
  vendor/bundle/gems/activesupport-4.0.0/lib/active_support/cache/strategy/local_cache.rb:83:in `call'
  vendor/bundle/gems/railties-4.0.0/lib/rails/engine.rb:511:in `call'
  vendor/bundle/gems/railties-4.0.0/lib/rails/application.rb:97:in `call'
  vendor/bundle/gems/rack-1.5.2/lib/rack/lock.rb:17:in `call'
  vendor/bundle/gems/rack-1.5.2/lib/rack/content_length.rb:14:in `call'
  vendor/bundle/gems/rack-1.5.2/lib/rack/handler/webrick.rb:60:in `service'
  /Users/cameronjackson1/.rbenv/versions/2.0.0-p0/lib/ruby/2.0.0/webrick/httpserver.rb:138:in `service'
  /Users/cameronjackson1/.rbenv/versions/2.0.0-p0/lib/ruby/2.0.0/webrick/httpserver.rb:94:in `run'
  /Users/cameronjackson1/.rbenv/versions/2.0.0-p0/lib/ruby/2.0.0/webrick/server.rb:295:in `block in start_thread'


I, [2013-08-12T11:51:43.163972 #24987]  INFO -- : Started GET "/favicon.ico" for 127.0.0.1 at 2013-08-12 11:51:43 -0400
F, [2013-08-12T11:51:43.191461 #24987] FATAL -- : 
ActionController::RoutingError (No route matches [GET] "/favicon.ico"):
  vendor/bundle/gems/actionpack-4.0.0/lib/action_dispatch/middleware/debug_exceptions.rb:21:in `call'
  vendor/bundle/gems/actionpack-4.0.0/lib/action_dispatch/middleware/show_exceptions.rb:30:in `call'
  vendor/bundle/gems/railties-4.0.0/lib/rails/rack/logger.rb:38:in `call_app'
  vendor/bundle/gems/railties-4.0.0/lib/rails/rack/logger.rb:21:in `block in call'
  vendor/bundle/gems/activesupport-4.0.0/lib/active_support/tagged_logging.rb:67:in `block in tagged'
  vendor/bundle/gems/activesupport-4.0.0/lib/active_support/tagged_logging.rb:25:in `tagged'
  vendor/bundle/gems/activesupport-4.0.0/lib/active_support/tagged_logging.rb:67:in `tagged'
  vendor/bundle/gems/railties-4.0.0/lib/rails/rack/logger.rb:21:in `call'
  vendor/bundle/gems/actionpack-4.0.0/lib/action_dispatch/middleware/request_id.rb:21:in `call'
  vendor/bundle/gems/rack-1.5.2/lib/rack/methodoverride.rb:21:in `call'
  vendor/bundle/gems/rack-1.5.2/lib/rack/runtime.rb:17:in `call'
  vendor/bundle/gems/activesupport-4.0.0/lib/active_support/cache/strategy/local_cache.rb:83:in `call'
  vendor/bundle/gems/railties-4.0.0/lib/rails/engine.rb:511:in `call'
  vendor/bundle/gems/railties-4.0.0/lib/rails/application.rb:97:in `call'
  vendor/bundle/gems/rack-1.5.2/lib/rack/lock.rb:17:in `call'
  vendor/bundle/gems/rack-1.5.2/lib/rack/content_length.rb:14:in `call'
  vendor/bundle/gems/rack-1.5.2/lib/rack/handler/webrick.rb:60:in `service'
  /Users/cameronjackson1/.rbenv/versions/2.0.0-p0/lib/ruby/2.0.0/webrick/httpserver.rb:138:in `service'
  /Users/cameronjackson1/.rbenv/versions/2.0.0-p0/lib/ruby/2.0.0/webrick/httpserver.rb:94:in `run'
  /Users/cameronjackson1/.rbenv/versions/2.0.0-p0/lib/ruby/2.0.0/webrick/server.rb:295:in `block in start_thread'


I, [2013-08-12T11:54:23.492844 #25055]  INFO -- : Started GET "/" for 127.0.0.1 at 2013-08-12 11:54:23 -0400
F, [2013-08-12T11:54:23.720501 #25055] FATAL -- : 
ActionController::RoutingError (No route matches [GET] "/"):
  vendor/bundle/gems/actionpack-4.0.0/lib/action_dispatch/middleware/debug_exceptions.rb:21:in `call'
  vendor/bundle/gems/actionpack-4.0.0/lib/action_dispatch/middleware/show_exceptions.rb:30:in `call'
  vendor/bundle/gems/railties-4.0.0/lib/rails/rack/logger.rb:38:in `call_app'
  vendor/bundle/gems/railties-4.0.0/lib/rails/rack/logger.rb:21:in `block in call'
  vendor/bundle/gems/activesupport-4.0.0/lib/active_support/tagged_logging.rb:67:in `block in tagged'
  vendor/bundle/gems/activesupport-4.0.0/lib/active_support/tagged_logging.rb:25:in `tagged'
  vendor/bundle/gems/activesupport-4.0.0/lib/active_support/tagged_logging.rb:67:in `tagged'
  vendor/bundle/gems/railties-4.0.0/lib/rails/rack/logger.rb:21:in `call'
  vendor/bundle/gems/actionpack-4.0.0/lib/action_dispatch/middleware/request_id.rb:21:in `call'
  vendor/bundle/gems/rack-1.5.2/lib/rack/methodoverride.rb:21:in `call'
  vendor/bundle/gems/rack-1.5.2/lib/rack/runtime.rb:17:in `call'
  vendor/bundle/gems/activesupport-4.0.0/lib/active_support/cache/strategy/local_cache.rb:83:in `call'
  vendor/bundle/gems/railties-4.0.0/lib/rails/engine.rb:511:in `call'
  vendor/bundle/gems/railties-4.0.0/lib/rails/application.rb:97:in `call'
  vendor/bundle/gems/rack-1.5.2/lib/rack/lock.rb:17:in `call'
  vendor/bundle/gems/rack-1.5.2/lib/rack/content_length.rb:14:in `call'
  vendor/bundle/gems/rack-1.5.2/lib/rack/handler/webrick.rb:60:in `service'
  /Users/cameronjackson1/.rbenv/versions/2.0.0-p0/lib/ruby/2.0.0/webrick/httpserver.rb:138:in `service'
  /Users/cameronjackson1/.rbenv/versions/2.0.0-p0/lib/ruby/2.0.0/webrick/httpserver.rb:94:in `run'
  /Users/cameronjackson1/.rbenv/versions/2.0.0-p0/lib/ruby/2.0.0/webrick/server.rb:295:in `block in start_thread'


I, [2013-08-12T11:54:23.771744 #25055]  INFO -- : Started GET "/favicon.ico" for 127.0.0.1 at 2013-08-12 11:54:23 -0400
F, [2013-08-12T11:54:23.773023 #25055] FATAL -- : 
ActionController::RoutingError (No route matches [GET] "/favicon.ico"):
  vendor/bundle/gems/actionpack-4.0.0/lib/action_dispatch/middleware/debug_exceptions.rb:21:in `call'
  vendor/bundle/gems/actionpack-4.0.0/lib/action_dispatch/middleware/show_exceptions.rb:30:in `call'
  vendor/bundle/gems/railties-4.0.0/lib/rails/rack/logger.rb:38:in `call_app'
  vendor/bundle/gems/railties-4.0.0/lib/rails/rack/logger.rb:21:in `block in call'
  vendor/bundle/gems/activesupport-4.0.0/lib/active_support/tagged_logging.rb:67:in `block in tagged'
  vendor/bundle/gems/activesupport-4.0.0/lib/active_support/tagged_logging.rb:25:in `tagged'
  vendor/bundle/gems/activesupport-4.0.0/lib/active_support/tagged_logging.rb:67:in `tagged'
  vendor/bundle/gems/railties-4.0.0/lib/rails/rack/logger.rb:21:in `call'
  vendor/bundle/gems/actionpack-4.0.0/lib/action_dispatch/middleware/request_id.rb:21:in `call'
  vendor/bundle/gems/rack-1.5.2/lib/rack/methodoverride.rb:21:in `call'
  vendor/bundle/gems/rack-1.5.2/lib/rack/runtime.rb:17:in `call'
  vendor/bundle/gems/activesupport-4.0.0/lib/active_support/cache/strategy/local_cache.rb:83:in `call'
  vendor/bundle/gems/railties-4.0.0/lib/rails/engine.rb:511:in `call'
  vendor/bundle/gems/railties-4.0.0/lib/rails/application.rb:97:in `call'
  vendor/bundle/gems/rack-1.5.2/lib/rack/lock.rb:17:in `call'
  vendor/bundle/gems/rack-1.5.2/lib/rack/content_length.rb:14:in `call'
  vendor/bundle/gems/rack-1.5.2/lib/rack/handler/webrick.rb:60:in `service'
  /Users/cameronjackson1/.rbenv/versions/2.0.0-p0/lib/ruby/2.0.0/webrick/httpserver.rb:138:in `service'
  /Users/cameronjackson1/.rbenv/versions/2.0.0-p0/lib/ruby/2.0.0/webrick/httpserver.rb:94:in `run'
  /Users/cameronjackson1/.rbenv/versions/2.0.0-p0/lib/ruby/2.0.0/webrick/server.rb:295:in `block in start_thread'


I, [2013-08-12T12:02:35.802052 #25082]  INFO -- : Started GET "/" for 127.0.0.1 at 2013-08-12 12:02:35 -0400
F, [2013-08-12T12:02:35.902583 #25082] FATAL -- : 
ActionController::RoutingError (No route matches [GET] "/"):
  vendor/bundle/gems/actionpack-4.0.0/lib/action_dispatch/middleware/debug_exceptions.rb:21:in `call'
  vendor/bundle/gems/actionpack-4.0.0/lib/action_dispatch/middleware/show_exceptions.rb:30:in `call'
  vendor/bundle/gems/railties-4.0.0/lib/rails/rack/logger.rb:38:in `call_app'
  vendor/bundle/gems/railties-4.0.0/lib/rails/rack/logger.rb:21:in `block in call'
  vendor/bundle/gems/activesupport-4.0.0/lib/active_support/tagged_logging.rb:67:in `block in tagged'
  vendor/bundle/gems/activesupport-4.0.0/lib/active_support/tagged_logging.rb:25:in `tagged'
  vendor/bundle/gems/activesupport-4.0.0/lib/active_support/tagged_logging.rb:67:in `tagged'
  vendor/bundle/gems/railties-4.0.0/lib/rails/rack/logger.rb:21:in `call'
  vendor/bundle/gems/actionpack-4.0.0/lib/action_dispatch/middleware/request_id.rb:21:in `call'
  vendor/bundle/gems/rack-1.5.2/lib/rack/methodoverride.rb:21:in `call'
  vendor/bundle/gems/rack-1.5.2/lib/rack/runtime.rb:17:in `call'
  vendor/bundle/gems/activesupport-4.0.0/lib/active_support/cache/strategy/local_cache.rb:83:in `call'
  vendor/bundle/gems/actionpack-4.0.0/lib/action_dispatch/middleware/static.rb:64:in `call'
  vendor/bundle/gems/railties-4.0.0/lib/rails/engine.rb:511:in `call'
  vendor/bundle/gems/railties-4.0.0/lib/rails/application.rb:97:in `call'
  vendor/bundle/gems/rack-1.5.2/lib/rack/lock.rb:17:in `call'
  vendor/bundle/gems/rack-1.5.2/lib/rack/content_length.rb:14:in `call'
  vendor/bundle/gems/rack-1.5.2/lib/rack/handler/webrick.rb:60:in `service'
  /Users/cameronjackson1/.rbenv/versions/2.0.0-p0/lib/ruby/2.0.0/webrick/httpserver.rb:138:in `service'
  /Users/cameronjackson1/.rbenv/versions/2.0.0-p0/lib/ruby/2.0.0/webrick/httpserver.rb:94:in `run'
  /Users/cameronjackson1/.rbenv/versions/2.0.0-p0/lib/ruby/2.0.0/webrick/server.rb:295:in `block in start_thread'


I, [2013-08-12T12:02:36.810675 #25082]  INFO -- : Started GET "/" for 127.0.0.1 at 2013-08-12 12:02:36 -0400
F, [2013-08-12T12:02:36.812535 #25082] FATAL -- : 
ActionController::RoutingError (No route matches [GET] "/"):
  vendor/bundle/gems/actionpack-4.0.0/lib/action_dispatch/middleware/debug_exceptions.rb:21:in `call'
  vendor/bundle/gems/actionpack-4.0.0/lib/action_dispatch/middleware/show_exceptions.rb:30:in `call'
  vendor/bundle/gems/railties-4.0.0/lib/rails/rack/logger.rb:38:in `call_app'
  vendor/bundle/gems/railties-4.0.0/lib/rails/rack/logger.rb:21:in `block in call'
  vendor/bundle/gems/activesupport-4.0.0/lib/active_support/tagged_logging.rb:67:in `block in tagged'
  vendor/bundle/gems/activesupport-4.0.0/lib/active_support/tagged_logging.rb:25:in `tagged'
  vendor/bundle/gems/activesupport-4.0.0/lib/active_support/tagged_logging.rb:67:in `tagged'
  vendor/bundle/gems/railties-4.0.0/lib/rails/rack/logger.rb:21:in `call'
  vendor/bundle/gems/actionpack-4.0.0/lib/action_dispatch/middleware/request_id.rb:21:in `call'
  vendor/bundle/gems/rack-1.5.2/lib/rack/methodoverride.rb:21:in `call'
  vendor/bundle/gems/rack-1.5.2/lib/rack/runtime.rb:17:in `call'
  vendor/bundle/gems/activesupport-4.0.0/lib/active_support/cache/strategy/local_cache.rb:83:in `call'
  vendor/bundle/gems/actionpack-4.0.0/lib/action_dispatch/middleware/static.rb:64:in `call'
  vendor/bundle/gems/railties-4.0.0/lib/rails/engine.rb:511:in `call'
  vendor/bundle/gems/railties-4.0.0/lib/rails/application.rb:97:in `call'
  vendor/bundle/gems/rack-1.5.2/lib/rack/lock.rb:17:in `call'
  vendor/bundle/gems/rack-1.5.2/lib/rack/content_length.rb:14:in `call'
  vendor/bundle/gems/rack-1.5.2/lib/rack/handler/webrick.rb:60:in `service'
  /Users/cameronjackson1/.rbenv/versions/2.0.0-p0/lib/ruby/2.0.0/webrick/httpserver.rb:138:in `service'
  /Users/cameronjackson1/.rbenv/versions/2.0.0-p0/lib/ruby/2.0.0/webrick/httpserver.rb:94:in `run'
  /Users/cameronjackson1/.rbenv/versions/2.0.0-p0/lib/ruby/2.0.0/webrick/server.rb:295:in `block in start_thread'


I, [2013-08-12T12:04:20.565766 #25179]  INFO -- : Started GET "/" for 127.0.0.1 at 2013-08-12 12:04:20 -0400
F, [2013-08-12T12:04:20.743137 #25179] FATAL -- : 
ActionController::RoutingError (No route matches [GET] "/"):
  vendor/bundle/gems/actionpack-4.0.0/lib/action_dispatch/middleware/debug_exceptions.rb:21:in `call'
  vendor/bundle/gems/actionpack-4.0.0/lib/action_dispatch/middleware/show_exceptions.rb:30:in `call'
  vendor/bundle/gems/railties-4.0.0/lib/rails/rack/logger.rb:38:in `call_app'
  vendor/bundle/gems/railties-4.0.0/lib/rails/rack/logger.rb:21:in `block in call'
  vendor/bundle/gems/activesupport-4.0.0/lib/active_support/tagged_logging.rb:67:in `block in tagged'
  vendor/bundle/gems/activesupport-4.0.0/lib/active_support/tagged_logging.rb:25:in `tagged'
  vendor/bundle/gems/activesupport-4.0.0/lib/active_support/tagged_logging.rb:67:in `tagged'
  vendor/bundle/gems/railties-4.0.0/lib/rails/rack/logger.rb:21:in `call'
  vendor/bundle/gems/actionpack-4.0.0/lib/action_dispatch/middleware/request_id.rb:21:in `call'
  vendor/bundle/gems/rack-1.5.2/lib/rack/methodoverride.rb:21:in `call'
  vendor/bundle/gems/rack-1.5.2/lib/rack/runtime.rb:17:in `call'
  vendor/bundle/gems/activesupport-4.0.0/lib/active_support/cache/strategy/local_cache.rb:83:in `call'
  vendor/bundle/gems/railties-4.0.0/lib/rails/engine.rb:511:in `call'
  vendor/bundle/gems/railties-4.0.0/lib/rails/application.rb:97:in `call'
  vendor/bundle/gems/rack-1.5.2/lib/rack/lock.rb:17:in `call'
  vendor/bundle/gems/rack-1.5.2/lib/rack/content_length.rb:14:in `call'
  vendor/bundle/gems/rack-1.5.2/lib/rack/handler/webrick.rb:60:in `service'
  /Users/cameronjackson1/.rbenv/versions/2.0.0-p0/lib/ruby/2.0.0/webrick/httpserver.rb:138:in `service'
  /Users/cameronjackson1/.rbenv/versions/2.0.0-p0/lib/ruby/2.0.0/webrick/httpserver.rb:94:in `run'
  /Users/cameronjackson1/.rbenv/versions/2.0.0-p0/lib/ruby/2.0.0/webrick/server.rb:295:in `block in start_thread'


I, [2013-08-12T12:09:42.798020 #25313]  INFO -- : Started GET "/static_pages/about" for 127.0.0.1 at 2013-08-12 12:09:42 -0400
I, [2013-08-12T12:09:43.295406 #25313]  INFO -- : Processing by StaticPagesController#about as HTML
I, [2013-08-12T12:09:43.347889 #25313]  INFO -- :   Rendered static_pages/about.html.erb within layouts/application (0.6ms)
I, [2013-08-12T12:09:43.349756 #25313]  INFO -- : Completed 200 OK in 54ms (Views: 35.6ms | ActiveRecord: 0.0ms)
I, [2013-08-12T12:09:43.510544 #25313]  INFO -- : Started GET "/stylesheets/application.css" for 127.0.0.1 at 2013-08-12 12:09:43 -0400
F, [2013-08-12T12:09:43.514659 #25313] FATAL -- : 
ActionController::RoutingError (No route matches [GET] "/stylesheets/application.css"):
  vendor/bundle/gems/actionpack-4.0.0/lib/action_dispatch/middleware/debug_exceptions.rb:21:in `call'
  vendor/bundle/gems/actionpack-4.0.0/lib/action_dispatch/middleware/show_exceptions.rb:30:in `call'
  vendor/bundle/gems/railties-4.0.0/lib/rails/rack/logger.rb:38:in `call_app'
  vendor/bundle/gems/railties-4.0.0/lib/rails/rack/logger.rb:21:in `block in call'
  vendor/bundle/gems/activesupport-4.0.0/lib/active_support/tagged_logging.rb:67:in `block in tagged'
  vendor/bundle/gems/activesupport-4.0.0/lib/active_support/tagged_logging.rb:25:in `tagged'
  vendor/bundle/gems/activesupport-4.0.0/lib/active_support/tagged_logging.rb:67:in `tagged'
  vendor/bundle/gems/railties-4.0.0/lib/rails/rack/logger.rb:21:in `call'
  vendor/bundle/gems/actionpack-4.0.0/lib/action_dispatch/middleware/request_id.rb:21:in `call'
  vendor/bundle/gems/rack-1.5.2/lib/rack/methodoverride.rb:21:in `call'
  vendor/bundle/gems/rack-1.5.2/lib/rack/runtime.rb:17:in `call'
  vendor/bundle/gems/activesupport-4.0.0/lib/active_support/cache/strategy/local_cache.rb:83:in `call'
  vendor/bundle/gems/railties-4.0.0/lib/rails/engine.rb:511:in `call'
  vendor/bundle/gems/railties-4.0.0/lib/rails/application.rb:97:in `call'
  vendor/bundle/gems/rack-1.5.2/lib/rack/lock.rb:17:in `call'
  vendor/bundle/gems/rack-1.5.2/lib/rack/content_length.rb:14:in `call'
  vendor/bundle/gems/rack-1.5.2/lib/rack/handler/webrick.rb:60:in `service'
  /Users/cameronjackson1/.rbenv/versions/2.0.0-p0/lib/ruby/2.0.0/webrick/httpserver.rb:138:in `service'
  /Users/cameronjackson1/.rbenv/versions/2.0.0-p0/lib/ruby/2.0.0/webrick/httpserver.rb:94:in `run'
  /Users/cameronjackson1/.rbenv/versions/2.0.0-p0/lib/ruby/2.0.0/webrick/server.rb:295:in `block in start_thread'


I, [2013-08-12T12:09:43.516220 #25313]  INFO -- : Started GET "/javascripts/application.js" for 127.0.0.1 at 2013-08-12 12:09:43 -0400
F, [2013-08-12T12:09:43.518050 #25313] FATAL -- : 
ActionController::RoutingError (No route matches [GET] "/javascripts/application.js"):
  vendor/bundle/gems/actionpack-4.0.0/lib/action_dispatch/middleware/debug_exceptions.rb:21:in `call'
  vendor/bundle/gems/actionpack-4.0.0/lib/action_dispatch/middleware/show_exceptions.rb:30:in `call'
  vendor/bundle/gems/railties-4.0.0/lib/rails/rack/logger.rb:38:in `call_app'
  vendor/bundle/gems/railties-4.0.0/lib/rails/rack/logger.rb:21:in `block in call'
  vendor/bundle/gems/activesupport-4.0.0/lib/active_support/tagged_logging.rb:67:in `block in tagged'
  vendor/bundle/gems/activesupport-4.0.0/lib/active_support/tagged_logging.rb:25:in `tagged'
  vendor/bundle/gems/activesupport-4.0.0/lib/active_support/tagged_logging.rb:67:in `tagged'
  vendor/bundle/gems/railties-4.0.0/lib/rails/rack/logger.rb:21:in `call'
  vendor/bundle/gems/actionpack-4.0.0/lib/action_dispatch/middleware/request_id.rb:21:in `call'
  vendor/bundle/gems/rack-1.5.2/lib/rack/methodoverride.rb:21:in `call'
  vendor/bundle/gems/rack-1.5.2/lib/rack/runtime.rb:17:in `call'
  vendor/bundle/gems/activesupport-4.0.0/lib/active_support/cache/strategy/local_cache.rb:83:in `call'
  vendor/bundle/gems/railties-4.0.0/lib/rails/engine.rb:511:in `call'
  vendor/bundle/gems/railties-4.0.0/lib/rails/application.rb:97:in `call'
  vendor/bundle/gems/rack-1.5.2/lib/rack/lock.rb:17:in `call'
  vendor/bundle/gems/rack-1.5.2/lib/rack/content_length.rb:14:in `call'
  vendor/bundle/gems/rack-1.5.2/lib/rack/handler/webrick.rb:60:in `service'
  /Users/cameronjackson1/.rbenv/versions/2.0.0-p0/lib/ruby/2.0.0/webrick/httpserver.rb:138:in `service'
  /Users/cameronjackson1/.rbenv/versions/2.0.0-p0/lib/ruby/2.0.0/webrick/httpserver.rb:94:in `run'
  /Users/cameronjackson1/.rbenv/versions/2.0.0-p0/lib/ruby/2.0.0/webrick/server.rb:295:in `block in start_thread'


I, [2013-08-18T13:43:30.081116 #6009]  INFO -- : Started GET "/" for 127.0.0.1 at 2013-08-18 13:43:30 -0400
I, [2013-08-18T13:43:30.221713 #6009]  INFO -- : Processing by StaticPagesController#home as HTML
I, [2013-08-18T13:43:30.292039 #6009]  INFO -- :   Rendered shared/_search_form.html.erb (1.7ms)
I, [2013-08-18T13:43:30.292411 #6009]  INFO -- :   Rendered static_pages/home.html.erb within layouts/application (14.1ms)
I, [2013-08-18T13:43:30.310688 #6009]  INFO -- :   Rendered layouts/_header.html.erb (1.1ms)
I, [2013-08-18T13:43:30.330698 #6009]  INFO -- :   Rendered layouts/_footer.html.erb (2.4ms)
I, [2013-08-18T13:43:30.331483 #6009]  INFO -- : Completed 200 OK in 108ms (Views: 88.3ms | ActiveRecord: 0.0ms)
I, [2013-08-18T13:43:30.359323 #6009]  INFO -- : Started GET "/stylesheets/application.css" for 127.0.0.1 at 2013-08-18 13:43:30 -0400
F, [2013-08-18T13:43:30.361075 #6009] FATAL -- : 
ActionController::RoutingError (No route matches [GET] "/stylesheets/application.css"):
  vendor/bundle/gems/actionpack-4.0.0/lib/action_dispatch/middleware/debug_exceptions.rb:21:in `call'
  vendor/bundle/gems/actionpack-4.0.0/lib/action_dispatch/middleware/show_exceptions.rb:30:in `call'
  vendor/bundle/gems/railties-4.0.0/lib/rails/rack/logger.rb:38:in `call_app'
  vendor/bundle/gems/railties-4.0.0/lib/rails/rack/logger.rb:21:in `block in call'
  vendor/bundle/gems/activesupport-4.0.0/lib/active_support/tagged_logging.rb:67:in `block in tagged'
  vendor/bundle/gems/activesupport-4.0.0/lib/active_support/tagged_logging.rb:25:in `tagged'
  vendor/bundle/gems/activesupport-4.0.0/lib/active_support/tagged_logging.rb:67:in `tagged'
  vendor/bundle/gems/railties-4.0.0/lib/rails/rack/logger.rb:21:in `call'
  vendor/bundle/gems/actionpack-4.0.0/lib/action_dispatch/middleware/request_id.rb:21:in `call'
  vendor/bundle/gems/rack-1.5.2/lib/rack/methodoverride.rb:21:in `call'
  vendor/bundle/gems/rack-1.5.2/lib/rack/runtime.rb:17:in `call'
  vendor/bundle/gems/activesupport-4.0.0/lib/active_support/cache/strategy/local_cache.rb:83:in `call'
  vendor/bundle/gems/railties-4.0.0/lib/rails/engine.rb:511:in `call'
  vendor/bundle/gems/railties-4.0.0/lib/rails/application.rb:97:in `call'
  vendor/bundle/gems/rack-1.5.2/lib/rack/lock.rb:17:in `call'
  vendor/bundle/gems/rack-1.5.2/lib/rack/content_length.rb:14:in `call'
  vendor/bundle/gems/rack-1.5.2/lib/rack/handler/webrick.rb:60:in `service'
  /Users/cameronjackson1/.rbenv/versions/2.0.0-p0/lib/ruby/2.0.0/webrick/httpserver.rb:138:in `service'
  /Users/cameronjackson1/.rbenv/versions/2.0.0-p0/lib/ruby/2.0.0/webrick/httpserver.rb:94:in `run'
  /Users/cameronjackson1/.rbenv/versions/2.0.0-p0/lib/ruby/2.0.0/webrick/server.rb:295:in `block in start_thread'


I, [2013-08-18T13:43:30.389794 #6009]  INFO -- : Started GET "/javascripts/application.js" for 127.0.0.1 at 2013-08-18 13:43:30 -0400
F, [2013-08-18T13:43:30.392472 #6009] FATAL -- : 
ActionController::RoutingError (No route matches [GET] "/javascripts/application.js"):
  vendor/bundle/gems/actionpack-4.0.0/lib/action_dispatch/middleware/debug_exceptions.rb:21:in `call'
  vendor/bundle/gems/actionpack-4.0.0/lib/action_dispatch/middleware/show_exceptions.rb:30:in `call'
  vendor/bundle/gems/railties-4.0.0/lib/rails/rack/logger.rb:38:in `call_app'
  vendor/bundle/gems/railties-4.0.0/lib/rails/rack/logger.rb:21:in `block in call'
  vendor/bundle/gems/activesupport-4.0.0/lib/active_support/tagged_logging.rb:67:in `block in tagged'
  vendor/bundle/gems/activesupport-4.0.0/lib/active_support/tagged_logging.rb:25:in `tagged'
  vendor/bundle/gems/activesupport-4.0.0/lib/active_support/tagged_logging.rb:67:in `tagged'
  vendor/bundle/gems/railties-4.0.0/lib/rails/rack/logger.rb:21:in `call'
  vendor/bundle/gems/actionpack-4.0.0/lib/action_dispatch/middleware/request_id.rb:21:in `call'
  vendor/bundle/gems/rack-1.5.2/lib/rack/methodoverride.rb:21:in `call'
  vendor/bundle/gems/rack-1.5.2/lib/rack/runtime.rb:17:in `call'
  vendor/bundle/gems/activesupport-4.0.0/lib/active_support/cache/strategy/local_cache.rb:83:in `call'
  vendor/bundle/gems/railties-4.0.0/lib/rails/engine.rb:511:in `call'
  vendor/bundle/gems/railties-4.0.0/lib/rails/application.rb:97:in `call'
  vendor/bundle/gems/rack-1.5.2/lib/rack/lock.rb:17:in `call'
  vendor/bundle/gems/rack-1.5.2/lib/rack/content_length.rb:14:in `call'
  vendor/bundle/gems/rack-1.5.2/lib/rack/handler/webrick.rb:60:in `service'
  /Users/cameronjackson1/.rbenv/versions/2.0.0-p0/lib/ruby/2.0.0/webrick/httpserver.rb:138:in `service'
  /Users/cameronjackson1/.rbenv/versions/2.0.0-p0/lib/ruby/2.0.0/webrick/httpserver.rb:94:in `run'
  /Users/cameronjackson1/.rbenv/versions/2.0.0-p0/lib/ruby/2.0.0/webrick/server.rb:295:in `block in start_thread'


I, [2013-08-18T13:43:33.457788 #6009]  INFO -- : Started GET "/" for 127.0.0.1 at 2013-08-18 13:43:33 -0400
I, [2013-08-18T13:43:33.460195 #6009]  INFO -- : Processing by StaticPagesController#home as HTML
I, [2013-08-18T13:43:33.462213 #6009]  INFO -- :   Rendered shared/_search_form.html.erb (0.5ms)
I, [2013-08-18T13:43:33.462539 #6009]  INFO -- :   Rendered static_pages/home.html.erb within layouts/application (1.0ms)
I, [2013-08-18T13:43:33.463379 #6009]  INFO -- :   Rendered layouts/_header.html.erb (0.2ms)
I, [2013-08-18T13:43:33.463787 #6009]  INFO -- :   Rendered layouts/_footer.html.erb (0.2ms)
I, [2013-08-18T13:43:33.464114 #6009]  INFO -- : Completed 200 OK in 4ms (Views: 2.8ms | ActiveRecord: 0.0ms)
I, [2013-08-18T13:43:33.482115 #6009]  INFO -- : Started GET "/stylesheets/application.css" for 127.0.0.1 at 2013-08-18 13:43:33 -0400
F, [2013-08-18T13:43:33.483030 #6009] FATAL -- : 
ActionController::RoutingError (No route matches [GET] "/stylesheets/application.css"):
  vendor/bundle/gems/actionpack-4.0.0/lib/action_dispatch/middleware/debug_exceptions.rb:21:in `call'
  vendor/bundle/gems/actionpack-4.0.0/lib/action_dispatch/middleware/show_exceptions.rb:30:in `call'
  vendor/bundle/gems/railties-4.0.0/lib/rails/rack/logger.rb:38:in `call_app'
  vendor/bundle/gems/railties-4.0.0/lib/rails/rack/logger.rb:21:in `block in call'
  vendor/bundle/gems/activesupport-4.0.0/lib/active_support/tagged_logging.rb:67:in `block in tagged'
  vendor/bundle/gems/activesupport-4.0.0/lib/active_support/tagged_logging.rb:25:in `tagged'
  vendor/bundle/gems/activesupport-4.0.0/lib/active_support/tagged_logging.rb:67:in `tagged'
  vendor/bundle/gems/railties-4.0.0/lib/rails/rack/logger.rb:21:in `call'
  vendor/bundle/gems/actionpack-4.0.0/lib/action_dispatch/middleware/request_id.rb:21:in `call'
  vendor/bundle/gems/rack-1.5.2/lib/rack/methodoverride.rb:21:in `call'
  vendor/bundle/gems/rack-1.5.2/lib/rack/runtime.rb:17:in `call'
  vendor/bundle/gems/activesupport-4.0.0/lib/active_support/cache/strategy/local_cache.rb:83:in `call'
  vendor/bundle/gems/railties-4.0.0/lib/rails/engine.rb:511:in `call'
  vendor/bundle/gems/railties-4.0.0/lib/rails/application.rb:97:in `call'
  vendor/bundle/gems/rack-1.5.2/lib/rack/lock.rb:17:in `call'
  vendor/bundle/gems/rack-1.5.2/lib/rack/content_length.rb:14:in `call'
  vendor/bundle/gems/rack-1.5.2/lib/rack/handler/webrick.rb:60:in `service'
  /Users/cameronjackson1/.rbenv/versions/2.0.0-p0/lib/ruby/2.0.0/webrick/httpserver.rb:138:in `service'
  /Users/cameronjackson1/.rbenv/versions/2.0.0-p0/lib/ruby/2.0.0/webrick/httpserver.rb:94:in `run'
  /Users/cameronjackson1/.rbenv/versions/2.0.0-p0/lib/ruby/2.0.0/webrick/server.rb:295:in `block in start_thread'


I, [2013-08-18T13:43:33.484280 #6009]  INFO -- : Started GET "/javascripts/application.js" for 127.0.0.1 at 2013-08-18 13:43:33 -0400
F, [2013-08-18T13:43:33.485790 #6009] FATAL -- : 
ActionController::RoutingError (No route matches [GET] "/javascripts/application.js"):
  vendor/bundle/gems/actionpack-4.0.0/lib/action_dispatch/middleware/debug_exceptions.rb:21:in `call'
  vendor/bundle/gems/actionpack-4.0.0/lib/action_dispatch/middleware/show_exceptions.rb:30:in `call'
  vendor/bundle/gems/railties-4.0.0/lib/rails/rack/logger.rb:38:in `call_app'
  vendor/bundle/gems/railties-4.0.0/lib/rails/rack/logger.rb:21:in `block in call'
  vendor/bundle/gems/activesupport-4.0.0/lib/active_support/tagged_logging.rb:67:in `block in tagged'
  vendor/bundle/gems/activesupport-4.0.0/lib/active_support/tagged_logging.rb:25:in `tagged'
  vendor/bundle/gems/activesupport-4.0.0/lib/active_support/tagged_logging.rb:67:in `tagged'
  vendor/bundle/gems/railties-4.0.0/lib/rails/rack/logger.rb:21:in `call'
  vendor/bundle/gems/actionpack-4.0.0/lib/action_dispatch/middleware/request_id.rb:21:in `call'
  vendor/bundle/gems/rack-1.5.2/lib/rack/methodoverride.rb:21:in `call'
  vendor/bundle/gems/rack-1.5.2/lib/rack/runtime.rb:17:in `call'
  vendor/bundle/gems/activesupport-4.0.0/lib/active_support/cache/strategy/local_cache.rb:83:in `call'
  vendor/bundle/gems/railties-4.0.0/lib/rails/engine.rb:511:in `call'
  vendor/bundle/gems/railties-4.0.0/lib/rails/application.rb:97:in `call'
  vendor/bundle/gems/rack-1.5.2/lib/rack/lock.rb:17:in `call'
  vendor/bundle/gems/rack-1.5.2/lib/rack/content_length.rb:14:in `call'
  vendor/bundle/gems/rack-1.5.2/lib/rack/handler/webrick.rb:60:in `service'
  /Users/cameronjackson1/.rbenv/versions/2.0.0-p0/lib/ruby/2.0.0/webrick/httpserver.rb:138:in `service'
  /Users/cameronjackson1/.rbenv/versions/2.0.0-p0/lib/ruby/2.0.0/webrick/httpserver.rb:94:in `run'
  /Users/cameronjackson1/.rbenv/versions/2.0.0-p0/lib/ruby/2.0.0/webrick/server.rb:295:in `block in start_thread'


I, [2013-08-18T13:49:34.030091 #6099]  INFO -- : Started GET "/" for 127.0.0.1 at 2013-08-18 13:49:34 -0400
I, [2013-08-18T13:49:34.040737 #6099]  INFO -- : Processing by StaticPagesController#home as HTML
I, [2013-08-18T13:49:34.064751 #6099]  INFO -- :   Rendered shared/_search_form.html.erb (1.2ms)
I, [2013-08-18T13:49:34.065259 #6099]  INFO -- :   Rendered static_pages/home.html.erb within layouts/application (3.4ms)
I, [2013-08-18T13:49:40.480903 #6099]  INFO -- :   Rendered layouts/_header.html.erb (1.3ms)
I, [2013-08-18T13:49:40.482929 #6099]  INFO -- :   Rendered layouts/_footer.html.erb (0.9ms)
I, [2013-08-18T13:49:40.483473 #6099]  INFO -- : Completed 200 OK in 6443ms (Views: 6423.4ms | ActiveRecord: 0.0ms)
I, [2013-08-18T13:49:40.769004 #6099]  INFO -- : Started GET "/assets/application-9464154e08ab1f785357da5a188cf8d5.css" for 127.0.0.1 at 2013-08-18 13:49:40 -0400
I, [2013-08-18T13:49:40.785944 #6099]  INFO -- : Started GET "/assets/application-a9d1ad8b03b4f1265dfddf828af37bba.js" for 127.0.0.1 at 2013-08-18 13:49:40 -0400
I, [2013-08-18T13:49:43.161700 #6099]  INFO -- : Started GET "/search?utf8=%E2%9C%93&search=&commit=Search" for 127.0.0.1 at 2013-08-18 13:49:43 -0400
I, [2013-08-18T13:49:43.164829 #6099]  INFO -- : Processing by RestroomsController#search as HTML
I, [2013-08-18T13:49:43.164950 #6099]  INFO -- :   Parameters: {"utf8"=>"✓", "search"=>"", "commit"=>"Search"}
E, [2013-08-18T13:49:43.197700 #6099] ERROR -- : SQLite3::SQLException: no such table: restrooms: SELECT "restrooms".* FROM "restrooms"  WHERE (zip LIKE '%%')
I, [2013-08-18T13:49:43.198995 #6099]  INFO -- :   Rendered restrooms/search.html.erb within layouts/application (5.1ms)
I, [2013-08-18T13:49:43.199216 #6099]  INFO -- : Completed 500 Internal Server Error in 34ms
F, [2013-08-18T13:49:43.201845 #6099] FATAL -- : 
ActionView::Template::Error (SQLite3::SQLException: no such table: restrooms: SELECT "restrooms".* FROM "restrooms"  WHERE (zip LIKE '%%')):
    3: <h1>Restrooms near <%= @params %> </h1> 
    4: 
    5: <ul class="span4" id="search_results">
    6: <% @restrooms.each do |r| %>
    7: <li>
    8:   <div class="restroom_name">
    9:     <%= r.name %> 
  app/views/restrooms/search.html.erb:6:in `_app_views_restrooms_search_html_erb__1214291675361315720_70231011709780'


I, [2013-08-18T13:49:54.648008 #6099]  INFO -- : Started GET "/restrooms/" for 127.0.0.1 at 2013-08-18 13:49:54 -0400
I, [2013-08-18T13:49:54.650895 #6099]  INFO -- : Processing by RestroomsController#index as HTML
E, [2013-08-18T13:49:54.672865 #6099] ERROR -- : SQLite3::SQLException: no such table: restrooms: SELECT "restrooms".* FROM "restrooms"
I, [2013-08-18T13:49:54.674119 #6099]  INFO -- :   Rendered restrooms/index.html.erb within layouts/application (2.7ms)
I, [2013-08-18T13:49:54.674395 #6099]  INFO -- : Completed 500 Internal Server Error in 23ms
F, [2013-08-18T13:49:54.677341 #6099] FATAL -- : 
ActionView::Template::Error (SQLite3::SQLException: no such table: restrooms: SELECT "restrooms".* FROM "restrooms"):
    2: 
    3: <h1> All Restrooms </h1> 
    4: <ul class="span4" id="search_results">
    5: <% @restrooms.each do |r| %>
    6: <li>
    7:   <div class="restroom_name">
    8:     <%= r.name %> 
  app/views/restrooms/index.html.erb:5:in `_app_views_restrooms_index_html_erb___4215801466401374294_70231012021820'


I, [2013-08-18T13:56:38.134571 #6330]  INFO -- : Started GET "/" for 127.0.0.1 at 2013-08-18 13:56:38 -0400
I, [2013-08-18T13:56:38.143806 #6330]  INFO -- : Processing by StaticPagesController#home as HTML
I, [2013-08-18T13:56:38.165902 #6330]  INFO -- :   Rendered shared/_search_form.html.erb (1.0ms)
I, [2013-08-18T13:56:38.166190 #6330]  INFO -- :   Rendered static_pages/home.html.erb within layouts/application (2.5ms)
I, [2013-08-18T13:56:38.185328 #6330]  INFO -- :   Rendered layouts/_header.html.erb (0.6ms)
I, [2013-08-18T13:56:38.186794 #6330]  INFO -- :   Rendered layouts/_footer.html.erb (0.6ms)
I, [2013-08-18T13:56:38.187186 #6330]  INFO -- : Completed 200 OK in 43ms (Views: 25.2ms | ActiveRecord: 0.0ms)
I, [2013-08-18T13:56:38.201155 #6330]  INFO -- : Started GET "/assets/application-9464154e08ab1f785357da5a188cf8d5.css" for 127.0.0.1 at 2013-08-18 13:56:38 -0400
I, [2013-08-18T13:56:38.247687 #6330]  INFO -- : Started GET "/assets/application-a9d1ad8b03b4f1265dfddf828af37bba.js" for 127.0.0.1 at 2013-08-18 13:56:38 -0400
I, [2013-08-18T13:56:39.625855 #6330]  INFO -- : Started GET "/search?utf8=%E2%9C%93&search=&commit=Search" for 127.0.0.1 at 2013-08-18 13:56:39 -0400
I, [2013-08-18T13:56:39.627837 #6330]  INFO -- : Processing by RestroomsController#search as HTML
I, [2013-08-18T13:56:39.627978 #6330]  INFO -- :   Parameters: {"utf8"=>"✓", "search"=>"", "commit"=>"Search"}
E, [2013-08-18T13:56:39.634357 #6330] ERROR -- : SQLite3::SQLException: no such table: restrooms: SELECT "restrooms".* FROM "restrooms"  WHERE (zip LIKE '%%')
I, [2013-08-18T13:56:39.635324 #6330]  INFO -- :   Rendered restrooms/search.html.erb within layouts/application (2.8ms)
I, [2013-08-18T13:56:39.635597 #6330]  INFO -- : Completed 500 Internal Server Error in 7ms
F, [2013-08-18T13:56:39.637705 #6330] FATAL -- : 
ActionView::Template::Error (SQLite3::SQLException: no such table: restrooms: SELECT "restrooms".* FROM "restrooms"  WHERE (zip LIKE '%%')):
    3: <h1>Restrooms near <%= @params %> </h1> 
    4: 
    5: <ul class="span4" id="search_results">
    6: <% @restrooms.each do |r| %>
    7: <li>
    8:   <div class="restroom_name">
    9:     <%= r.name %> 
  app/views/restrooms/search.html.erb:6:in `_app_views_restrooms_search_html_erb__1803111430797381124_70219134549700'


I, [2013-08-18T14:03:01.726591 #6511]  INFO -- : Started GET "/" for 127.0.0.1 at 2013-08-18 14:03:01 -0400
I, [2013-08-18T14:03:01.738567 #6511]  INFO -- : Processing by StaticPagesController#home as HTML
I, [2013-08-18T14:03:01.764204 #6511]  INFO -- :   Rendered shared/_search_form.html.erb (1.0ms)
I, [2013-08-18T14:03:01.764471 #6511]  INFO -- :   Rendered static_pages/home.html.erb within layouts/application (2.7ms)
I, [2013-08-18T14:03:01.782252 #6511]  INFO -- :   Rendered layouts/_header.html.erb (0.6ms)
I, [2013-08-18T14:03:01.783751 #6511]  INFO -- :   Rendered layouts/_footer.html.erb (0.6ms)
I, [2013-08-18T14:03:01.784100 #6511]  INFO -- : Completed 200 OK in 45ms (Views: 24.7ms | ActiveRecord: 0.0ms)
I, [2013-08-18T14:03:01.800783 #6511]  INFO -- : Started GET "/assets/application-9464154e08ab1f785357da5a188cf8d5.css" for 127.0.0.1 at 2013-08-18 14:03:01 -0400
I, [2013-08-18T14:03:01.840807 #6511]  INFO -- : Started GET "/assets/application-a9d1ad8b03b4f1265dfddf828af37bba.js" for 127.0.0.1 at 2013-08-18 14:03:01 -0400
I, [2013-08-18T14:03:06.983106 #6511]  INFO -- : Started GET "/search?utf8=%E2%9C%93&search=&commit=Search" for 127.0.0.1 at 2013-08-18 14:03:06 -0400
I, [2013-08-18T14:03:06.985447 #6511]  INFO -- : Processing by RestroomsController#search as HTML
I, [2013-08-18T14:03:06.985596 #6511]  INFO -- :   Parameters: {"utf8"=>"✓", "search"=>"", "commit"=>"Search"}
E, [2013-08-18T14:03:06.991940 #6511] ERROR -- : SQLite3::SQLException: no such table: restrooms: SELECT "restrooms".* FROM "restrooms"  WHERE (zip LIKE '%%')
I, [2013-08-18T14:03:06.992719 #6511]  INFO -- :   Rendered restrooms/search.html.erb within layouts/application (3.3ms)
I, [2013-08-18T14:03:06.992900 #6511]  INFO -- : Completed 500 Internal Server Error in 7ms
F, [2013-08-18T14:03:06.994839 #6511] FATAL -- : 
ActionView::Template::Error (SQLite3::SQLException: no such table: restrooms: SELECT "restrooms".* FROM "restrooms"  WHERE (zip LIKE '%%')):
    3: <h1>Restrooms near <%= @params %> </h1> 
    4: 
    5: <ul class="span4" id="search_results">
    6: <% @restrooms.each do |r| %>
    7: <li>
    8:   <div class="restroom_name">
    9:     <%= r.name %> 
  app/views/restrooms/search.html.erb:6:in `_app_views_restrooms_search_html_erb___3122986211671541860_70118810323640'


I, [2013-08-18T14:05:25.917164 #6563]  INFO -- : Started GET "/restrooms/1" for 127.0.0.1 at 2013-08-18 14:05:25 -0400
I, [2013-08-18T14:05:25.926584 #6563]  INFO -- : Processing by RestroomsController#show as HTML
I, [2013-08-18T14:05:25.926669 #6563]  INFO -- :   Parameters: {"id"=>"1"}
I, [2013-08-18T14:05:25.945990 #6563]  INFO -- : Completed 500 Internal Server Error in 19ms
F, [2013-08-18T14:05:25.947866 #6563] FATAL -- : 
ActiveRecord::StatementInvalid (Could not find table 'restrooms'):
  app/controllers/restrooms_controller.rb:20:in `show'


I, [2013-08-18T14:40:12.447587 #7198]  INFO -- : Started GET "/restrooms" for 127.0.0.1 at 2013-08-18 14:40:12 -0400
I, [2013-08-18T14:40:12.483124 #7198]  INFO -- : Processing by RestroomsController#index as HTML
E, [2013-08-18T14:40:12.508661 #7198] ERROR -- : SQLite3::SQLException: no such table: restrooms: SELECT "restrooms".* FROM "restrooms"
I, [2013-08-18T14:40:12.509491 #7198]  INFO -- :   Rendered restrooms/index.html.erb within layouts/application (2.7ms)
I, [2013-08-18T14:40:12.509693 #7198]  INFO -- : Completed 500 Internal Server Error in 26ms
F, [2013-08-18T14:40:12.511772 #7198] FATAL -- : 
ActionView::Template::Error (SQLite3::SQLException: no such table: restrooms: SELECT "restrooms".* FROM "restrooms"):
    2: 
    3: <h1> All Restrooms </h1> 
    4: <ul class="span4" id="search_results">
    5: <% @restrooms.each do |r| %>
    6: <li>
    7:   <div class="restroom_name">
    8:     <%= r.name %> 
  app/views/restrooms/index.html.erb:5:in `_app_views_restrooms_index_html_erb___4388897809903310747_70215022816640'


I, [2013-08-18T14:40:14.569125 #7198]  INFO -- : Started GET "/" for 127.0.0.1 at 2013-08-18 14:40:14 -0400
I, [2013-08-18T14:40:14.571884 #7198]  INFO -- : Processing by StaticPagesController#home as HTML
I, [2013-08-18T14:40:14.576833 #7198]  INFO -- :   Rendered shared/_search_form.html.erb (0.8ms)
I, [2013-08-18T14:40:14.577168 #7198]  INFO -- :   Rendered static_pages/home.html.erb within layouts/application (2.4ms)
I, [2013-08-18T14:40:14.632419 #7198]  INFO -- :   Rendered layouts/_header.html.erb (0.7ms)
I, [2013-08-18T14:40:14.633981 #7198]  INFO -- :   Rendered layouts/_footer.html.erb (0.7ms)
I, [2013-08-18T14:40:14.634323 #7198]  INFO -- : Completed 200 OK in 62ms (Views: 61.0ms | ActiveRecord: 0.0ms)
I, [2013-08-18T14:40:14.663686 #7198]  INFO -- : Started GET "/assets/application-9464154e08ab1f785357da5a188cf8d5.css" for 127.0.0.1 at 2013-08-18 14:40:14 -0400
I, [2013-08-18T14:40:14.699982 #7198]  INFO -- : Started GET "/assets/application-a9d1ad8b03b4f1265dfddf828af37bba.js" for 127.0.0.1 at 2013-08-18 14:40:14 -0400
I, [2013-08-18T14:40:18.131620 #7198]  INFO -- : Started GET "/restrooms" for 127.0.0.1 at 2013-08-18 14:40:18 -0400
I, [2013-08-18T14:40:18.133737 #7198]  INFO -- : Processing by RestroomsController#index as HTML
E, [2013-08-18T14:40:18.136272 #7198] ERROR -- : SQLite3::SQLException: no such table: restrooms: SELECT "restrooms".* FROM "restrooms"
I, [2013-08-18T14:40:18.137107 #7198]  INFO -- :   Rendered restrooms/index.html.erb within layouts/application (1.8ms)
I, [2013-08-18T14:40:18.137300 #7198]  INFO -- : Completed 500 Internal Server Error in 3ms
F, [2013-08-18T14:40:18.139456 #7198] FATAL -- : 
ActionView::Template::Error (SQLite3::SQLException: no such table: restrooms: SELECT "restrooms".* FROM "restrooms"):
    2: 
    3: <h1> All Restrooms </h1> 
    4: <ul class="span4" id="search_results">
    5: <% @restrooms.each do |r| %>
    6: <li>
    7:   <div class="restroom_name">
    8:     <%= r.name %> 
  app/views/restrooms/index.html.erb:5:in `_app_views_restrooms_index_html_erb___4388897809903310747_70215022816640'


I, [2013-08-18T14:42:37.325635 #7198]  INFO -- : Started GET "/restrooms" for 127.0.0.1 at 2013-08-18 14:42:37 -0400
I, [2013-08-18T14:42:37.327237 #7198]  INFO -- : Processing by RestroomsController#index as HTML
E, [2013-08-18T14:42:37.329427 #7198] ERROR -- : SQLite3::SQLException: no such table: restrooms: SELECT "restrooms".* FROM "restrooms"
I, [2013-08-18T14:42:37.330529 #7198]  INFO -- :   Rendered restrooms/index.html.erb within layouts/application (1.9ms)
I, [2013-08-18T14:42:37.330752 #7198]  INFO -- : Completed 500 Internal Server Error in 3ms
F, [2013-08-18T14:42:37.333866 #7198] FATAL -- : 
ActionView::Template::Error (SQLite3::SQLException: no such table: restrooms: SELECT "restrooms".* FROM "restrooms"):
    2: 
    3: <h1> All Restrooms </h1> 
    4: <ul class="span4" id="search_results">
    5: <% @restrooms.each do |r| %>
    6: <li>
    7:   <div class="restroom_name">
    8:     <%= r.name %> 
  app/views/restrooms/index.html.erb:5:in `_app_views_restrooms_index_html_erb___4388897809903310747_70215022816640'


I, [2013-08-18T14:42:40.777538 #7198]  INFO -- : Started GET "/restrooms/new" for 127.0.0.1 at 2013-08-18 14:42:40 -0400
I, [2013-08-18T14:42:40.778809 #7198]  INFO -- : Processing by RestroomsController#new as HTML
I, [2013-08-18T14:42:40.779676 #7198]  INFO -- : Completed 500 Internal Server Error in 1ms
F, [2013-08-18T14:42:40.781294 #7198] FATAL -- : 
ActiveRecord::StatementInvalid (Could not find table 'restrooms'):
  app/controllers/restrooms_controller.rb:3:in `new'


I, [2013-08-18T14:42:40.788706 #7198]  INFO -- : Started GET "/restrooms/new" for 127.0.0.1 at 2013-08-18 14:42:40 -0400
I, [2013-08-18T14:42:40.790047 #7198]  INFO -- : Processing by RestroomsController#new as HTML
I, [2013-08-18T14:42:40.791241 #7198]  INFO -- : Completed 500 Internal Server Error in 1ms
F, [2013-08-18T14:42:40.793480 #7198] FATAL -- : 
ActiveRecord::StatementInvalid (Could not find table 'restrooms'):
  app/controllers/restrooms_controller.rb:3:in `new'


I, [2013-08-18T15:36:22.336156 #24761]  INFO -- : Started GET "/" for 127.0.0.1 at 2013-08-18 15:36:22 -0400
I, [2013-08-18T15:36:22.540890 #24761]  INFO -- : Processing by StaticPagesController#home as HTML
I, [2013-08-18T15:36:22.611194 #24761]  INFO -- :   Rendered shared/_search_form.html.erb (1.2ms)
I, [2013-08-18T15:36:22.611518 #24761]  INFO -- :   Rendered static_pages/home.html.erb within layouts/application (13.4ms)
I, [2013-08-18T15:36:22.741424 #24761]  INFO -- :   Rendered layouts/_header.html.erb (0.8ms)
I, [2013-08-18T15:36:22.761361 #24761]  INFO -- :   Rendered layouts/_footer.html.erb (1.6ms)
I, [2013-08-18T15:36:22.761904 #24761]  INFO -- : Completed 200 OK in 220ms (Views: 201.8ms | ActiveRecord: 0.0ms)
I, [2013-08-18T15:36:24.467801 #24761]  INFO -- : Started GET "/search?utf8=%E2%9C%93&search=&commit=Search" for 127.0.0.1 at 2013-08-18 15:36:24 -0400
I, [2013-08-18T15:36:24.470027 #24761]  INFO -- : Processing by RestroomsController#search as HTML
I, [2013-08-18T15:36:24.470161 #24761]  INFO -- :   Parameters: {"utf8"=>"✓", "search"=>"", "commit"=>"Search"}
I, [2013-08-18T15:36:24.723690 #24761]  INFO -- :   Rendered restrooms/search.html.erb within layouts/application (212.2ms)
I, [2013-08-18T15:36:24.726422 #24761]  INFO -- :   Rendered layouts/_header.html.erb (0.4ms)
I, [2013-08-18T15:36:24.726940 #24761]  INFO -- :   Rendered layouts/_footer.html.erb (0.3ms)
I, [2013-08-18T15:36:24.727349 #24761]  INFO -- : Completed 200 OK in 257ms (Views: 45.6ms | ActiveRecord: 209.7ms)
