I, [2013-08-12T11:51:42.760253 #24987]  INFO -- : Started GET "/" for 127.0.0.1 at 2013-08-12 11:51:42 -0400
F, [2013-08-12T11:51:43.014688 #24987] FATAL -- : 
ActionController::RoutingError (No route matches [GET] "/"):
  vendor/bundle/gems/actionpack-4.0.0/lib/action_dispatch/middleware/debug_exceptions.rb:21:in `call'
  vendor/bundle/gems/actionpack-4.0.0/lib/action_dispatch/middleware/show_exceptions.rb:30:in `call'
  vendor/bundle/gems/railties-4.0.0/lib/rails/rack/logger.rb:38:in `call_app'
  vendor/bundle/gems/railties-4.0.0/lib/rails/rack/logger.rb:21:in `block in call'
  vendor/bundle/gems/activesupport-4.0.0/lib/active_support/tagged_logging.rb:67:in `block in tagged'
  vendor/bundle/gems/activesupport-4.0.0/lib/active_support/tagged_logging.rb:25:in `tagged'
  vendor/bundle/gems/activesupport-4.0.0/lib/active_support/tagged_logging.rb:67:in `tagged'
  vendor/bundle/gems/railties-4.0.0/lib/rails/rack/logger.rb:21:in `call'
  vendor/bundle/gems/actionpack-4.0.0/lib/action_dispatch/middleware/request_id.rb:21:in `call'
  vendor/bundle/gems/rack-1.5.2/lib/rack/methodoverride.rb:21:in `call'
  vendor/bundle/gems/rack-1.5.2/lib/rack/runtime.rb:17:in `call'
  vendor/bundle/gems/activesupport-4.0.0/lib/active_support/cache/strategy/local_cache.rb:83:in `call'
  vendor/bundle/gems/railties-4.0.0/lib/rails/engine.rb:511:in `call'
  vendor/bundle/gems/railties-4.0.0/lib/rails/application.rb:97:in `call'
  vendor/bundle/gems/rack-1.5.2/lib/rack/lock.rb:17:in `call'
  vendor/bundle/gems/rack-1.5.2/lib/rack/content_length.rb:14:in `call'
  vendor/bundle/gems/rack-1.5.2/lib/rack/handler/webrick.rb:60:in `service'
  /Users/cameronjackson1/.rbenv/versions/2.0.0-p0/lib/ruby/2.0.0/webrick/httpserver.rb:138:in `service'
  /Users/cameronjackson1/.rbenv/versions/2.0.0-p0/lib/ruby/2.0.0/webrick/httpserver.rb:94:in `run'
  /Users/cameronjackson1/.rbenv/versions/2.0.0-p0/lib/ruby/2.0.0/webrick/server.rb:295:in `block in start_thread'


I, [2013-08-12T11:51:43.163972 #24987]  INFO -- : Started GET "/favicon.ico" for 127.0.0.1 at 2013-08-12 11:51:43 -0400
F, [2013-08-12T11:51:43.191461 #24987] FATAL -- : 
ActionController::RoutingError (No route matches [GET] "/favicon.ico"):
  vendor/bundle/gems/actionpack-4.0.0/lib/action_dispatch/middleware/debug_exceptions.rb:21:in `call'
  vendor/bundle/gems/actionpack-4.0.0/lib/action_dispatch/middleware/show_exceptions.rb:30:in `call'
  vendor/bundle/gems/railties-4.0.0/lib/rails/rack/logger.rb:38:in `call_app'
  vendor/bundle/gems/railties-4.0.0/lib/rails/rack/logger.rb:21:in `block in call'
  vendor/bundle/gems/activesupport-4.0.0/lib/active_support/tagged_logging.rb:67:in `block in tagged'
  vendor/bundle/gems/activesupport-4.0.0/lib/active_support/tagged_logging.rb:25:in `tagged'
  vendor/bundle/gems/activesupport-4.0.0/lib/active_support/tagged_logging.rb:67:in `tagged'
  vendor/bundle/gems/railties-4.0.0/lib/rails/rack/logger.rb:21:in `call'
  vendor/bundle/gems/actionpack-4.0.0/lib/action_dispatch/middleware/request_id.rb:21:in `call'
  vendor/bundle/gems/rack-1.5.2/lib/rack/methodoverride.rb:21:in `call'
  vendor/bundle/gems/rack-1.5.2/lib/rack/runtime.rb:17:in `call'
  vendor/bundle/gems/activesupport-4.0.0/lib/active_support/cache/strategy/local_cache.rb:83:in `call'
  vendor/bundle/gems/railties-4.0.0/lib/rails/engine.rb:511:in `call'
  vendor/bundle/gems/railties-4.0.0/lib/rails/application.rb:97:in `call'
  vendor/bundle/gems/rack-1.5.2/lib/rack/lock.rb:17:in `call'
  vendor/bundle/gems/rack-1.5.2/lib/rack/content_length.rb:14:in `call'
  vendor/bundle/gems/rack-1.5.2/lib/rack/handler/webrick.rb:60:in `service'
  /Users/cameronjackson1/.rbenv/versions/2.0.0-p0/lib/ruby/2.0.0/webrick/httpserver.rb:138:in `service'
  /Users/cameronjackson1/.rbenv/versions/2.0.0-p0/lib/ruby/2.0.0/webrick/httpserver.rb:94:in `run'
  /Users/cameronjackson1/.rbenv/versions/2.0.0-p0/lib/ruby/2.0.0/webrick/server.rb:295:in `block in start_thread'


I, [2013-08-12T11:54:23.492844 #25055]  INFO -- : Started GET "/" for 127.0.0.1 at 2013-08-12 11:54:23 -0400
F, [2013-08-12T11:54:23.720501 #25055] FATAL -- : 
ActionController::RoutingError (No route matches [GET] "/"):
  vendor/bundle/gems/actionpack-4.0.0/lib/action_dispatch/middleware/debug_exceptions.rb:21:in `call'
  vendor/bundle/gems/actionpack-4.0.0/lib/action_dispatch/middleware/show_exceptions.rb:30:in `call'
  vendor/bundle/gems/railties-4.0.0/lib/rails/rack/logger.rb:38:in `call_app'
  vendor/bundle/gems/railties-4.0.0/lib/rails/rack/logger.rb:21:in `block in call'
  vendor/bundle/gems/activesupport-4.0.0/lib/active_support/tagged_logging.rb:67:in `block in tagged'
  vendor/bundle/gems/activesupport-4.0.0/lib/active_support/tagged_logging.rb:25:in `tagged'
  vendor/bundle/gems/activesupport-4.0.0/lib/active_support/tagged_logging.rb:67:in `tagged'
  vendor/bundle/gems/railties-4.0.0/lib/rails/rack/logger.rb:21:in `call'
  vendor/bundle/gems/actionpack-4.0.0/lib/action_dispatch/middleware/request_id.rb:21:in `call'
  vendor/bundle/gems/rack-1.5.2/lib/rack/methodoverride.rb:21:in `call'
  vendor/bundle/gems/rack-1.5.2/lib/rack/runtime.rb:17:in `call'
  vendor/bundle/gems/activesupport-4.0.0/lib/active_support/cache/strategy/local_cache.rb:83:in `call'
  vendor/bundle/gems/railties-4.0.0/lib/rails/engine.rb:511:in `call'
  vendor/bundle/gems/railties-4.0.0/lib/rails/application.rb:97:in `call'
  vendor/bundle/gems/rack-1.5.2/lib/rack/lock.rb:17:in `call'
  vendor/bundle/gems/rack-1.5.2/lib/rack/content_length.rb:14:in `call'
  vendor/bundle/gems/rack-1.5.2/lib/rack/handler/webrick.rb:60:in `service'
  /Users/cameronjackson1/.rbenv/versions/2.0.0-p0/lib/ruby/2.0.0/webrick/httpserver.rb:138:in `service'
  /Users/cameronjackson1/.rbenv/versions/2.0.0-p0/lib/ruby/2.0.0/webrick/httpserver.rb:94:in `run'
  /Users/cameronjackson1/.rbenv/versions/2.0.0-p0/lib/ruby/2.0.0/webrick/server.rb:295:in `block in start_thread'


I, [2013-08-12T11:54:23.771744 #25055]  INFO -- : Started GET "/favicon.ico" for 127.0.0.1 at 2013-08-12 11:54:23 -0400
F, [2013-08-12T11:54:23.773023 #25055] FATAL -- : 
ActionController::RoutingError (No route matches [GET] "/favicon.ico"):
  vendor/bundle/gems/actionpack-4.0.0/lib/action_dispatch/middleware/debug_exceptions.rb:21:in `call'
  vendor/bundle/gems/actionpack-4.0.0/lib/action_dispatch/middleware/show_exceptions.rb:30:in `call'
  vendor/bundle/gems/railties-4.0.0/lib/rails/rack/logger.rb:38:in `call_app'
  vendor/bundle/gems/railties-4.0.0/lib/rails/rack/logger.rb:21:in `block in call'
  vendor/bundle/gems/activesupport-4.0.0/lib/active_support/tagged_logging.rb:67:in `block in tagged'
  vendor/bundle/gems/activesupport-4.0.0/lib/active_support/tagged_logging.rb:25:in `tagged'
  vendor/bundle/gems/activesupport-4.0.0/lib/active_support/tagged_logging.rb:67:in `tagged'
  vendor/bundle/gems/railties-4.0.0/lib/rails/rack/logger.rb:21:in `call'
  vendor/bundle/gems/actionpack-4.0.0/lib/action_dispatch/middleware/request_id.rb:21:in `call'
  vendor/bundle/gems/rack-1.5.2/lib/rack/methodoverride.rb:21:in `call'
  vendor/bundle/gems/rack-1.5.2/lib/rack/runtime.rb:17:in `call'
  vendor/bundle/gems/activesupport-4.0.0/lib/active_support/cache/strategy/local_cache.rb:83:in `call'
  vendor/bundle/gems/railties-4.0.0/lib/rails/engine.rb:511:in `call'
  vendor/bundle/gems/railties-4.0.0/lib/rails/application.rb:97:in `call'
  vendor/bundle/gems/rack-1.5.2/lib/rack/lock.rb:17:in `call'
  vendor/bundle/gems/rack-1.5.2/lib/rack/content_length.rb:14:in `call'
  vendor/bundle/gems/rack-1.5.2/lib/rack/handler/webrick.rb:60:in `service'
  /Users/cameronjackson1/.rbenv/versions/2.0.0-p0/lib/ruby/2.0.0/webrick/httpserver.rb:138:in `service'
  /Users/cameronjackson1/.rbenv/versions/2.0.0-p0/lib/ruby/2.0.0/webrick/httpserver.rb:94:in `run'
  /Users/cameronjackson1/.rbenv/versions/2.0.0-p0/lib/ruby/2.0.0/webrick/server.rb:295:in `block in start_thread'


I, [2013-08-12T12:02:35.802052 #25082]  INFO -- : Started GET "/" for 127.0.0.1 at 2013-08-12 12:02:35 -0400
F, [2013-08-12T12:02:35.902583 #25082] FATAL -- : 
ActionController::RoutingError (No route matches [GET] "/"):
  vendor/bundle/gems/actionpack-4.0.0/lib/action_dispatch/middleware/debug_exceptions.rb:21:in `call'
  vendor/bundle/gems/actionpack-4.0.0/lib/action_dispatch/middleware/show_exceptions.rb:30:in `call'
  vendor/bundle/gems/railties-4.0.0/lib/rails/rack/logger.rb:38:in `call_app'
  vendor/bundle/gems/railties-4.0.0/lib/rails/rack/logger.rb:21:in `block in call'
  vendor/bundle/gems/activesupport-4.0.0/lib/active_support/tagged_logging.rb:67:in `block in tagged'
  vendor/bundle/gems/activesupport-4.0.0/lib/active_support/tagged_logging.rb:25:in `tagged'
  vendor/bundle/gems/activesupport-4.0.0/lib/active_support/tagged_logging.rb:67:in `tagged'
  vendor/bundle/gems/railties-4.0.0/lib/rails/rack/logger.rb:21:in `call'
  vendor/bundle/gems/actionpack-4.0.0/lib/action_dispatch/middleware/request_id.rb:21:in `call'
  vendor/bundle/gems/rack-1.5.2/lib/rack/methodoverride.rb:21:in `call'
  vendor/bundle/gems/rack-1.5.2/lib/rack/runtime.rb:17:in `call'
  vendor/bundle/gems/activesupport-4.0.0/lib/active_support/cache/strategy/local_cache.rb:83:in `call'
  vendor/bundle/gems/actionpack-4.0.0/lib/action_dispatch/middleware/static.rb:64:in `call'
  vendor/bundle/gems/railties-4.0.0/lib/rails/engine.rb:511:in `call'
  vendor/bundle/gems/railties-4.0.0/lib/rails/application.rb:97:in `call'
  vendor/bundle/gems/rack-1.5.2/lib/rack/lock.rb:17:in `call'
  vendor/bundle/gems/rack-1.5.2/lib/rack/content_length.rb:14:in `call'
  vendor/bundle/gems/rack-1.5.2/lib/rack/handler/webrick.rb:60:in `service'
  /Users/cameronjackson1/.rbenv/versions/2.0.0-p0/lib/ruby/2.0.0/webrick/httpserver.rb:138:in `service'
  /Users/cameronjackson1/.rbenv/versions/2.0.0-p0/lib/ruby/2.0.0/webrick/httpserver.rb:94:in `run'
  /Users/cameronjackson1/.rbenv/versions/2.0.0-p0/lib/ruby/2.0.0/webrick/server.rb:295:in `block in start_thread'


I, [2013-08-12T12:02:36.810675 #25082]  INFO -- : Started GET "/" for 127.0.0.1 at 2013-08-12 12:02:36 -0400
F, [2013-08-12T12:02:36.812535 #25082] FATAL -- : 
ActionController::RoutingError (No route matches [GET] "/"):
  vendor/bundle/gems/actionpack-4.0.0/lib/action_dispatch/middleware/debug_exceptions.rb:21:in `call'
  vendor/bundle/gems/actionpack-4.0.0/lib/action_dispatch/middleware/show_exceptions.rb:30:in `call'
  vendor/bundle/gems/railties-4.0.0/lib/rails/rack/logger.rb:38:in `call_app'
  vendor/bundle/gems/railties-4.0.0/lib/rails/rack/logger.rb:21:in `block in call'
  vendor/bundle/gems/activesupport-4.0.0/lib/active_support/tagged_logging.rb:67:in `block in tagged'
  vendor/bundle/gems/activesupport-4.0.0/lib/active_support/tagged_logging.rb:25:in `tagged'
  vendor/bundle/gems/activesupport-4.0.0/lib/active_support/tagged_logging.rb:67:in `tagged'
  vendor/bundle/gems/railties-4.0.0/lib/rails/rack/logger.rb:21:in `call'
  vendor/bundle/gems/actionpack-4.0.0/lib/action_dispatch/middleware/request_id.rb:21:in `call'
  vendor/bundle/gems/rack-1.5.2/lib/rack/methodoverride.rb:21:in `call'
  vendor/bundle/gems/rack-1.5.2/lib/rack/runtime.rb:17:in `call'
  vendor/bundle/gems/activesupport-4.0.0/lib/active_support/cache/strategy/local_cache.rb:83:in `call'
  vendor/bundle/gems/actionpack-4.0.0/lib/action_dispatch/middleware/static.rb:64:in `call'
  vendor/bundle/gems/railties-4.0.0/lib/rails/engine.rb:511:in `call'
  vendor/bundle/gems/railties-4.0.0/lib/rails/application.rb:97:in `call'
  vendor/bundle/gems/rack-1.5.2/lib/rack/lock.rb:17:in `call'
  vendor/bundle/gems/rack-1.5.2/lib/rack/content_length.rb:14:in `call'
  vendor/bundle/gems/rack-1.5.2/lib/rack/handler/webrick.rb:60:in `service'
  /Users/cameronjackson1/.rbenv/versions/2.0.0-p0/lib/ruby/2.0.0/webrick/httpserver.rb:138:in `service'
  /Users/cameronjackson1/.rbenv/versions/2.0.0-p0/lib/ruby/2.0.0/webrick/httpserver.rb:94:in `run'
  /Users/cameronjackson1/.rbenv/versions/2.0.0-p0/lib/ruby/2.0.0/webrick/server.rb:295:in `block in start_thread'


I, [2013-08-12T12:04:20.565766 #25179]  INFO -- : Started GET "/" for 127.0.0.1 at 2013-08-12 12:04:20 -0400
F, [2013-08-12T12:04:20.743137 #25179] FATAL -- : 
ActionController::RoutingError (No route matches [GET] "/"):
  vendor/bundle/gems/actionpack-4.0.0/lib/action_dispatch/middleware/debug_exceptions.rb:21:in `call'
  vendor/bundle/gems/actionpack-4.0.0/lib/action_dispatch/middleware/show_exceptions.rb:30:in `call'
  vendor/bundle/gems/railties-4.0.0/lib/rails/rack/logger.rb:38:in `call_app'
  vendor/bundle/gems/railties-4.0.0/lib/rails/rack/logger.rb:21:in `block in call'
  vendor/bundle/gems/activesupport-4.0.0/lib/active_support/tagged_logging.rb:67:in `block in tagged'
  vendor/bundle/gems/activesupport-4.0.0/lib/active_support/tagged_logging.rb:25:in `tagged'
  vendor/bundle/gems/activesupport-4.0.0/lib/active_support/tagged_logging.rb:67:in `tagged'
  vendor/bundle/gems/railties-4.0.0/lib/rails/rack/logger.rb:21:in `call'
  vendor/bundle/gems/actionpack-4.0.0/lib/action_dispatch/middleware/request_id.rb:21:in `call'
  vendor/bundle/gems/rack-1.5.2/lib/rack/methodoverride.rb:21:in `call'
  vendor/bundle/gems/rack-1.5.2/lib/rack/runtime.rb:17:in `call'
  vendor/bundle/gems/activesupport-4.0.0/lib/active_support/cache/strategy/local_cache.rb:83:in `call'
  vendor/bundle/gems/railties-4.0.0/lib/rails/engine.rb:511:in `call'
  vendor/bundle/gems/railties-4.0.0/lib/rails/application.rb:97:in `call'
  vendor/bundle/gems/rack-1.5.2/lib/rack/lock.rb:17:in `call'
  vendor/bundle/gems/rack-1.5.2/lib/rack/content_length.rb:14:in `call'
  vendor/bundle/gems/rack-1.5.2/lib/rack/handler/webrick.rb:60:in `service'
  /Users/cameronjackson1/.rbenv/versions/2.0.0-p0/lib/ruby/2.0.0/webrick/httpserver.rb:138:in `service'
  /Users/cameronjackson1/.rbenv/versions/2.0.0-p0/lib/ruby/2.0.0/webrick/httpserver.rb:94:in `run'
  /Users/cameronjackson1/.rbenv/versions/2.0.0-p0/lib/ruby/2.0.0/webrick/server.rb:295:in `block in start_thread'


I, [2013-08-12T12:09:42.798020 #25313]  INFO -- : Started GET "/static_pages/about" for 127.0.0.1 at 2013-08-12 12:09:42 -0400
I, [2013-08-12T12:09:43.295406 #25313]  INFO -- : Processing by StaticPagesController#about as HTML
I, [2013-08-12T12:09:43.347889 #25313]  INFO -- :   Rendered static_pages/about.html.erb within layouts/application (0.6ms)
I, [2013-08-12T12:09:43.349756 #25313]  INFO -- : Completed 200 OK in 54ms (Views: 35.6ms | ActiveRecord: 0.0ms)
I, [2013-08-12T12:09:43.510544 #25313]  INFO -- : Started GET "/stylesheets/application.css" for 127.0.0.1 at 2013-08-12 12:09:43 -0400
F, [2013-08-12T12:09:43.514659 #25313] FATAL -- : 
ActionController::RoutingError (No route matches [GET] "/stylesheets/application.css"):
  vendor/bundle/gems/actionpack-4.0.0/lib/action_dispatch/middleware/debug_exceptions.rb:21:in `call'
  vendor/bundle/gems/actionpack-4.0.0/lib/action_dispatch/middleware/show_exceptions.rb:30:in `call'
  vendor/bundle/gems/railties-4.0.0/lib/rails/rack/logger.rb:38:in `call_app'
  vendor/bundle/gems/railties-4.0.0/lib/rails/rack/logger.rb:21:in `block in call'
  vendor/bundle/gems/activesupport-4.0.0/lib/active_support/tagged_logging.rb:67:in `block in tagged'
  vendor/bundle/gems/activesupport-4.0.0/lib/active_support/tagged_logging.rb:25:in `tagged'
  vendor/bundle/gems/activesupport-4.0.0/lib/active_support/tagged_logging.rb:67:in `tagged'
  vendor/bundle/gems/railties-4.0.0/lib/rails/rack/logger.rb:21:in `call'
  vendor/bundle/gems/actionpack-4.0.0/lib/action_dispatch/middleware/request_id.rb:21:in `call'
  vendor/bundle/gems/rack-1.5.2/lib/rack/methodoverride.rb:21:in `call'
  vendor/bundle/gems/rack-1.5.2/lib/rack/runtime.rb:17:in `call'
  vendor/bundle/gems/activesupport-4.0.0/lib/active_support/cache/strategy/local_cache.rb:83:in `call'
  vendor/bundle/gems/railties-4.0.0/lib/rails/engine.rb:511:in `call'
  vendor/bundle/gems/railties-4.0.0/lib/rails/application.rb:97:in `call'
  vendor/bundle/gems/rack-1.5.2/lib/rack/lock.rb:17:in `call'
  vendor/bundle/gems/rack-1.5.2/lib/rack/content_length.rb:14:in `call'
  vendor/bundle/gems/rack-1.5.2/lib/rack/handler/webrick.rb:60:in `service'
  /Users/cameronjackson1/.rbenv/versions/2.0.0-p0/lib/ruby/2.0.0/webrick/httpserver.rb:138:in `service'
  /Users/cameronjackson1/.rbenv/versions/2.0.0-p0/lib/ruby/2.0.0/webrick/httpserver.rb:94:in `run'
  /Users/cameronjackson1/.rbenv/versions/2.0.0-p0/lib/ruby/2.0.0/webrick/server.rb:295:in `block in start_thread'


I, [2013-08-12T12:09:43.516220 #25313]  INFO -- : Started GET "/javascripts/application.js" for 127.0.0.1 at 2013-08-12 12:09:43 -0400
F, [2013-08-12T12:09:43.518050 #25313] FATAL -- : 
ActionController::RoutingError (No route matches [GET] "/javascripts/application.js"):
  vendor/bundle/gems/actionpack-4.0.0/lib/action_dispatch/middleware/debug_exceptions.rb:21:in `call'
  vendor/bundle/gems/actionpack-4.0.0/lib/action_dispatch/middleware/show_exceptions.rb:30:in `call'
  vendor/bundle/gems/railties-4.0.0/lib/rails/rack/logger.rb:38:in `call_app'
  vendor/bundle/gems/railties-4.0.0/lib/rails/rack/logger.rb:21:in `block in call'
  vendor/bundle/gems/activesupport-4.0.0/lib/active_support/tagged_logging.rb:67:in `block in tagged'
  vendor/bundle/gems/activesupport-4.0.0/lib/active_support/tagged_logging.rb:25:in `tagged'
  vendor/bundle/gems/activesupport-4.0.0/lib/active_support/tagged_logging.rb:67:in `tagged'
  vendor/bundle/gems/railties-4.0.0/lib/rails/rack/logger.rb:21:in `call'
  vendor/bundle/gems/actionpack-4.0.0/lib/action_dispatch/middleware/request_id.rb:21:in `call'
  vendor/bundle/gems/rack-1.5.2/lib/rack/methodoverride.rb:21:in `call'
  vendor/bundle/gems/rack-1.5.2/lib/rack/runtime.rb:17:in `call'
  vendor/bundle/gems/activesupport-4.0.0/lib/active_support/cache/strategy/local_cache.rb:83:in `call'
  vendor/bundle/gems/railties-4.0.0/lib/rails/engine.rb:511:in `call'
  vendor/bundle/gems/railties-4.0.0/lib/rails/application.rb:97:in `call'
  vendor/bundle/gems/rack-1.5.2/lib/rack/lock.rb:17:in `call'
  vendor/bundle/gems/rack-1.5.2/lib/rack/content_length.rb:14:in `call'
  vendor/bundle/gems/rack-1.5.2/lib/rack/handler/webrick.rb:60:in `service'
  /Users/cameronjackson1/.rbenv/versions/2.0.0-p0/lib/ruby/2.0.0/webrick/httpserver.rb:138:in `service'
  /Users/cameronjackson1/.rbenv/versions/2.0.0-p0/lib/ruby/2.0.0/webrick/httpserver.rb:94:in `run'
  /Users/cameronjackson1/.rbenv/versions/2.0.0-p0/lib/ruby/2.0.0/webrick/server.rb:295:in `block in start_thread'


I, [2013-08-18T13:43:30.081116 #6009]  INFO -- : Started GET "/" for 127.0.0.1 at 2013-08-18 13:43:30 -0400
I, [2013-08-18T13:43:30.221713 #6009]  INFO -- : Processing by StaticPagesController#home as HTML
I, [2013-08-18T13:43:30.292039 #6009]  INFO -- :   Rendered shared/_search_form.html.erb (1.7ms)
I, [2013-08-18T13:43:30.292411 #6009]  INFO -- :   Rendered static_pages/home.html.erb within layouts/application (14.1ms)
I, [2013-08-18T13:43:30.310688 #6009]  INFO -- :   Rendered layouts/_header.html.erb (1.1ms)
I, [2013-08-18T13:43:30.330698 #6009]  INFO -- :   Rendered layouts/_footer.html.erb (2.4ms)
I, [2013-08-18T13:43:30.331483 #6009]  INFO -- : Completed 200 OK in 108ms (Views: 88.3ms | ActiveRecord: 0.0ms)
I, [2013-08-18T13:43:30.359323 #6009]  INFO -- : Started GET "/stylesheets/application.css" for 127.0.0.1 at 2013-08-18 13:43:30 -0400
F, [2013-08-18T13:43:30.361075 #6009] FATAL -- : 
ActionController::RoutingError (No route matches [GET] "/stylesheets/application.css"):
  vendor/bundle/gems/actionpack-4.0.0/lib/action_dispatch/middleware/debug_exceptions.rb:21:in `call'
  vendor/bundle/gems/actionpack-4.0.0/lib/action_dispatch/middleware/show_exceptions.rb:30:in `call'
  vendor/bundle/gems/railties-4.0.0/lib/rails/rack/logger.rb:38:in `call_app'
  vendor/bundle/gems/railties-4.0.0/lib/rails/rack/logger.rb:21:in `block in call'
  vendor/bundle/gems/activesupport-4.0.0/lib/active_support/tagged_logging.rb:67:in `block in tagged'
  vendor/bundle/gems/activesupport-4.0.0/lib/active_support/tagged_logging.rb:25:in `tagged'
  vendor/bundle/gems/activesupport-4.0.0/lib/active_support/tagged_logging.rb:67:in `tagged'
  vendor/bundle/gems/railties-4.0.0/lib/rails/rack/logger.rb:21:in `call'
  vendor/bundle/gems/actionpack-4.0.0/lib/action_dispatch/middleware/request_id.rb:21:in `call'
  vendor/bundle/gems/rack-1.5.2/lib/rack/methodoverride.rb:21:in `call'
  vendor/bundle/gems/rack-1.5.2/lib/rack/runtime.rb:17:in `call'
  vendor/bundle/gems/activesupport-4.0.0/lib/active_support/cache/strategy/local_cache.rb:83:in `call'
  vendor/bundle/gems/railties-4.0.0/lib/rails/engine.rb:511:in `call'
  vendor/bundle/gems/railties-4.0.0/lib/rails/application.rb:97:in `call'
  vendor/bundle/gems/rack-1.5.2/lib/rack/lock.rb:17:in `call'
  vendor/bundle/gems/rack-1.5.2/lib/rack/content_length.rb:14:in `call'
  vendor/bundle/gems/rack-1.5.2/lib/rack/handler/webrick.rb:60:in `service'
  /Users/cameronjackson1/.rbenv/versions/2.0.0-p0/lib/ruby/2.0.0/webrick/httpserver.rb:138:in `service'
  /Users/cameronjackson1/.rbenv/versions/2.0.0-p0/lib/ruby/2.0.0/webrick/httpserver.rb:94:in `run'
  /Users/cameronjackson1/.rbenv/versions/2.0.0-p0/lib/ruby/2.0.0/webrick/server.rb:295:in `block in start_thread'


I, [2013-08-18T13:43:30.389794 #6009]  INFO -- : Started GET "/javascripts/application.js" for 127.0.0.1 at 2013-08-18 13:43:30 -0400
F, [2013-08-18T13:43:30.392472 #6009] FATAL -- : 
ActionController::RoutingError (No route matches [GET] "/javascripts/application.js"):
  vendor/bundle/gems/actionpack-4.0.0/lib/action_dispatch/middleware/debug_exceptions.rb:21:in `call'
  vendor/bundle/gems/actionpack-4.0.0/lib/action_dispatch/middleware/show_exceptions.rb:30:in `call'
  vendor/bundle/gems/railties-4.0.0/lib/rails/rack/logger.rb:38:in `call_app'
  vendor/bundle/gems/railties-4.0.0/lib/rails/rack/logger.rb:21:in `block in call'
  vendor/bundle/gems/activesupport-4.0.0/lib/active_support/tagged_logging.rb:67:in `block in tagged'
  vendor/bundle/gems/activesupport-4.0.0/lib/active_support/tagged_logging.rb:25:in `tagged'
  vendor/bundle/gems/activesupport-4.0.0/lib/active_support/tagged_logging.rb:67:in `tagged'
  vendor/bundle/gems/railties-4.0.0/lib/rails/rack/logger.rb:21:in `call'
  vendor/bundle/gems/actionpack-4.0.0/lib/action_dispatch/middleware/request_id.rb:21:in `call'
  vendor/bundle/gems/rack-1.5.2/lib/rack/methodoverride.rb:21:in `call'
  vendor/bundle/gems/rack-1.5.2/lib/rack/runtime.rb:17:in `call'
  vendor/bundle/gems/activesupport-4.0.0/lib/active_support/cache/strategy/local_cache.rb:83:in `call'
  vendor/bundle/gems/railties-4.0.0/lib/rails/engine.rb:511:in `call'
  vendor/bundle/gems/railties-4.0.0/lib/rails/application.rb:97:in `call'
  vendor/bundle/gems/rack-1.5.2/lib/rack/lock.rb:17:in `call'
  vendor/bundle/gems/rack-1.5.2/lib/rack/content_length.rb:14:in `call'
  vendor/bundle/gems/rack-1.5.2/lib/rack/handler/webrick.rb:60:in `service'
  /Users/cameronjackson1/.rbenv/versions/2.0.0-p0/lib/ruby/2.0.0/webrick/httpserver.rb:138:in `service'
  /Users/cameronjackson1/.rbenv/versions/2.0.0-p0/lib/ruby/2.0.0/webrick/httpserver.rb:94:in `run'
  /Users/cameronjackson1/.rbenv/versions/2.0.0-p0/lib/ruby/2.0.0/webrick/server.rb:295:in `block in start_thread'


I, [2013-08-18T13:43:33.457788 #6009]  INFO -- : Started GET "/" for 127.0.0.1 at 2013-08-18 13:43:33 -0400
I, [2013-08-18T13:43:33.460195 #6009]  INFO -- : Processing by StaticPagesController#home as HTML
I, [2013-08-18T13:43:33.462213 #6009]  INFO -- :   Rendered shared/_search_form.html.erb (0.5ms)
I, [2013-08-18T13:43:33.462539 #6009]  INFO -- :   Rendered static_pages/home.html.erb within layouts/application (1.0ms)
I, [2013-08-18T13:43:33.463379 #6009]  INFO -- :   Rendered layouts/_header.html.erb (0.2ms)
I, [2013-08-18T13:43:33.463787 #6009]  INFO -- :   Rendered layouts/_footer.html.erb (0.2ms)
I, [2013-08-18T13:43:33.464114 #6009]  INFO -- : Completed 200 OK in 4ms (Views: 2.8ms | ActiveRecord: 0.0ms)
I, [2013-08-18T13:43:33.482115 #6009]  INFO -- : Started GET "/stylesheets/application.css" for 127.0.0.1 at 2013-08-18 13:43:33 -0400
F, [2013-08-18T13:43:33.483030 #6009] FATAL -- : 
ActionController::RoutingError (No route matches [GET] "/stylesheets/application.css"):
  vendor/bundle/gems/actionpack-4.0.0/lib/action_dispatch/middleware/debug_exceptions.rb:21:in `call'
  vendor/bundle/gems/actionpack-4.0.0/lib/action_dispatch/middleware/show_exceptions.rb:30:in `call'
  vendor/bundle/gems/railties-4.0.0/lib/rails/rack/logger.rb:38:in `call_app'
  vendor/bundle/gems/railties-4.0.0/lib/rails/rack/logger.rb:21:in `block in call'
  vendor/bundle/gems/activesupport-4.0.0/lib/active_support/tagged_logging.rb:67:in `block in tagged'
  vendor/bundle/gems/activesupport-4.0.0/lib/active_support/tagged_logging.rb:25:in `tagged'
  vendor/bundle/gems/activesupport-4.0.0/lib/active_support/tagged_logging.rb:67:in `tagged'
  vendor/bundle/gems/railties-4.0.0/lib/rails/rack/logger.rb:21:in `call'
  vendor/bundle/gems/actionpack-4.0.0/lib/action_dispatch/middleware/request_id.rb:21:in `call'
  vendor/bundle/gems/rack-1.5.2/lib/rack/methodoverride.rb:21:in `call'
  vendor/bundle/gems/rack-1.5.2/lib/rack/runtime.rb:17:in `call'
  vendor/bundle/gems/activesupport-4.0.0/lib/active_support/cache/strategy/local_cache.rb:83:in `call'
  vendor/bundle/gems/railties-4.0.0/lib/rails/engine.rb:511:in `call'
  vendor/bundle/gems/railties-4.0.0/lib/rails/application.rb:97:in `call'
  vendor/bundle/gems/rack-1.5.2/lib/rack/lock.rb:17:in `call'
  vendor/bundle/gems/rack-1.5.2/lib/rack/content_length.rb:14:in `call'
  vendor/bundle/gems/rack-1.5.2/lib/rack/handler/webrick.rb:60:in `service'
  /Users/cameronjackson1/.rbenv/versions/2.0.0-p0/lib/ruby/2.0.0/webrick/httpserver.rb:138:in `service'
  /Users/cameronjackson1/.rbenv/versions/2.0.0-p0/lib/ruby/2.0.0/webrick/httpserver.rb:94:in `run'
  /Users/cameronjackson1/.rbenv/versions/2.0.0-p0/lib/ruby/2.0.0/webrick/server.rb:295:in `block in start_thread'


I, [2013-08-18T13:43:33.484280 #6009]  INFO -- : Started GET "/javascripts/application.js" for 127.0.0.1 at 2013-08-18 13:43:33 -0400
F, [2013-08-18T13:43:33.485790 #6009] FATAL -- : 
ActionController::RoutingError (No route matches [GET] "/javascripts/application.js"):
  vendor/bundle/gems/actionpack-4.0.0/lib/action_dispatch/middleware/debug_exceptions.rb:21:in `call'
  vendor/bundle/gems/actionpack-4.0.0/lib/action_dispatch/middleware/show_exceptions.rb:30:in `call'
  vendor/bundle/gems/railties-4.0.0/lib/rails/rack/logger.rb:38:in `call_app'
  vendor/bundle/gems/railties-4.0.0/lib/rails/rack/logger.rb:21:in `block in call'
  vendor/bundle/gems/activesupport-4.0.0/lib/active_support/tagged_logging.rb:67:in `block in tagged'
  vendor/bundle/gems/activesupport-4.0.0/lib/active_support/tagged_logging.rb:25:in `tagged'
  vendor/bundle/gems/activesupport-4.0.0/lib/active_support/tagged_logging.rb:67:in `tagged'
  vendor/bundle/gems/railties-4.0.0/lib/rails/rack/logger.rb:21:in `call'
  vendor/bundle/gems/actionpack-4.0.0/lib/action_dispatch/middleware/request_id.rb:21:in `call'
  vendor/bundle/gems/rack-1.5.2/lib/rack/methodoverride.rb:21:in `call'
  vendor/bundle/gems/rack-1.5.2/lib/rack/runtime.rb:17:in `call'
  vendor/bundle/gems/activesupport-4.0.0/lib/active_support/cache/strategy/local_cache.rb:83:in `call'
  vendor/bundle/gems/railties-4.0.0/lib/rails/engine.rb:511:in `call'
  vendor/bundle/gems/railties-4.0.0/lib/rails/application.rb:97:in `call'
  vendor/bundle/gems/rack-1.5.2/lib/rack/lock.rb:17:in `call'
  vendor/bundle/gems/rack-1.5.2/lib/rack/content_length.rb:14:in `call'
  vendor/bundle/gems/rack-1.5.2/lib/rack/handler/webrick.rb:60:in `service'
  /Users/cameronjackson1/.rbenv/versions/2.0.0-p0/lib/ruby/2.0.0/webrick/httpserver.rb:138:in `service'
  /Users/cameronjackson1/.rbenv/versions/2.0.0-p0/lib/ruby/2.0.0/webrick/httpserver.rb:94:in `run'
  /Users/cameronjackson1/.rbenv/versions/2.0.0-p0/lib/ruby/2.0.0/webrick/server.rb:295:in `block in start_thread'


I, [2013-08-18T13:49:34.030091 #6099]  INFO -- : Started GET "/" for 127.0.0.1 at 2013-08-18 13:49:34 -0400
I, [2013-08-18T13:49:34.040737 #6099]  INFO -- : Processing by StaticPagesController#home as HTML
I, [2013-08-18T13:49:34.064751 #6099]  INFO -- :   Rendered shared/_search_form.html.erb (1.2ms)
I, [2013-08-18T13:49:34.065259 #6099]  INFO -- :   Rendered static_pages/home.html.erb within layouts/application (3.4ms)
I, [2013-08-18T13:49:40.480903 #6099]  INFO -- :   Rendered layouts/_header.html.erb (1.3ms)
I, [2013-08-18T13:49:40.482929 #6099]  INFO -- :   Rendered layouts/_footer.html.erb (0.9ms)
I, [2013-08-18T13:49:40.483473 #6099]  INFO -- : Completed 200 OK in 6443ms (Views: 6423.4ms | ActiveRecord: 0.0ms)
I, [2013-08-18T13:49:40.769004 #6099]  INFO -- : Started GET "/assets/application-9464154e08ab1f785357da5a188cf8d5.css" for 127.0.0.1 at 2013-08-18 13:49:40 -0400
I, [2013-08-18T13:49:40.785944 #6099]  INFO -- : Started GET "/assets/application-a9d1ad8b03b4f1265dfddf828af37bba.js" for 127.0.0.1 at 2013-08-18 13:49:40 -0400
I, [2013-08-18T13:49:43.161700 #6099]  INFO -- : Started GET "/search?utf8=%E2%9C%93&search=&commit=Search" for 127.0.0.1 at 2013-08-18 13:49:43 -0400
I, [2013-08-18T13:49:43.164829 #6099]  INFO -- : Processing by RestroomsController#search as HTML
I, [2013-08-18T13:49:43.164950 #6099]  INFO -- :   Parameters: {"utf8"=>"âœ“", "search"=>"", "commit"=>"Search"}
E, [2013-08-18T13:49:43.197700 #6099] ERROR -- : SQLite3::SQLException: no such table: restrooms: SELECT "restrooms".* FROM "restrooms"  WHERE (zip LIKE '%%')
I, [2013-08-18T13:49:43.198995 #6099]  INFO -- :   Rendered restrooms/search.html.erb within layouts/application (5.1ms)
I, [2013-08-18T13:49:43.199216 #6099]  INFO -- : Completed 500 Internal Server Error in 34ms
F, [2013-08-18T13:49:43.201845 #6099] FATAL -- : 
ActionView::Template::Error (SQLite3::SQLException: no such table: restrooms: SELECT "restrooms".* FROM "restrooms"  WHERE (zip LIKE '%%')):
    3: <h1>Restrooms near <%= @params %> </h1> 
    4: 
    5: <ul class="span4" id="search_results">
    6: <% @restrooms.each do |r| %>
    7: <li>
    8:   <div class="restroom_name">
    9:     <%= r.name %> 
  app/views/restrooms/search.html.erb:6:in `_app_views_restrooms_search_html_erb__1214291675361315720_70231011709780'


I, [2013-08-18T13:49:54.648008 #6099]  INFO -- : Started GET "/restrooms/" for 127.0.0.1 at 2013-08-18 13:49:54 -0400
I, [2013-08-18T13:49:54.650895 #6099]  INFO -- : Processing by RestroomsController#index as HTML
E, [2013-08-18T13:49:54.672865 #6099] ERROR -- : SQLite3::SQLException: no such table: restrooms: SELECT "restrooms".* FROM "restrooms"
I, [2013-08-18T13:49:54.674119 #6099]  INFO -- :   Rendered restrooms/index.html.erb within layouts/application (2.7ms)
I, [2013-08-18T13:49:54.674395 #6099]  INFO -- : Completed 500 Internal Server Error in 23ms
F, [2013-08-18T13:49:54.677341 #6099] FATAL -- : 
ActionView::Template::Error (SQLite3::SQLException: no such table: restrooms: SELECT "restrooms".* FROM "restrooms"):
    2: 
    3: <h1> All Restrooms </h1> 
    4: <ul class="span4" id="search_results">
    5: <% @restrooms.each do |r| %>
    6: <li>
    7:   <div class="restroom_name">
    8:     <%= r.name %> 
  app/views/restrooms/index.html.erb:5:in `_app_views_restrooms_index_html_erb___4215801466401374294_70231012021820'


